<?xml version="1.0" encoding="UTF-8"?>
<!-- Generated by org.testng.reporters.JUnitXMLReporter -->
<testsuite ignored="0" hostname="LAPTOP-LGM3K7OE" failures="0" tests="3" name="Default test" time="9.695" errors="0" timestamp="2023-02-01T12:42:00 IST">
  <testcase classname="com.qa.hubspot.tests.HomePageTest" name="loggedInUserTest" time="0.461"/>
  <testcase classname="com.qa.hubspot.tests.HomePageTest" name="HomePageTitleTest" time="0.014"/>
  <testcase classname="com.qa.hubspot.tests.HomePageTest" name="HomePageHeaderTest" time="0.6"/>
</testsuite> <!-- Default test -->
