<?xml version="1.0" encoding="UTF-8"?>
<!-- Generated by org.testng.reporters.JUnitXMLReporter -->
<testsuite hostname="LAPTOP-LGM3K7OE" ignored="0" name="Command line test" tests="11" failures="0" timestamp="2022-12-19T12:36:07 IST" time="211.737" errors="0">
  <testcase name="contactsPageHeaderTest" time="0.062" classname="com.qa.hubspot.tests.ContactPageTest"/>
  <testcase name="createNewContactTest" time="3.841" classname="com.qa.hubspot.tests.ContactPageTest"/>
  <testcase name="createNewContactTest" time="3.28" classname="com.qa.hubspot.tests.ContactPageTest"/>
  <testcase name="createNewContactTest" time="3.046" classname="com.qa.hubspot.tests.ContactPageTest"/>
  <testcase name="createNewContactTest" time="3.236" classname="com.qa.hubspot.tests.ContactPageTest"/>
  <testcase name="loggedInUserTest" time="0.167" classname="com.qa.hubspot.tests.HomePageTest"/>
  <testcase name="HomePageTitleTest" time="0.015" classname="com.qa.hubspot.tests.HomePageTest"/>
  <testcase name="HomePageHeaderTest" time="0.313" classname="com.qa.hubspot.tests.HomePageTest"/>
  <testcase name="LoginPageTitleTest" time="0.04" classname="com.qa.hubspot.tests.LoginPageTest"/>
  <testcase name="SignUpLinkTest" time="0.206" classname="com.qa.hubspot.tests.LoginPageTest"/>
  <testcase name="LoginTest" time="6.204" classname="com.qa.hubspot.tests.LoginPageTest"/>
</testsuite> <!-- Command line test -->
