<?xml version="1.0" encoding="UTF-8"?>
<!-- Generated by org.testng.reporters.JUnitXMLReporter -->
<testsuite ignored="0" hostname="LAPTOP-LGM3K7OE" failures="0" tests="11" name="CRM regression test" time="155.054" errors="0" timestamp="2022-12-19T19:28:00 IST">
  <testcase classname="com.qa.hubspot.tests.LoginPageTest" name="LoginPageTitleTest" time="0.039"/>
  <testcase classname="com.qa.hubspot.tests.LoginPageTest" name="SignUpLinkTest" time="0.102"/>
  <testcase classname="com.qa.hubspot.tests.LoginPageTest" name="LoginTest" time="5.992"/>
  <testcase classname="com.qa.hubspot.tests.HomePageTest" name="loggedInUserTest" time="0.162"/>
  <testcase classname="com.qa.hubspot.tests.HomePageTest" name="HomePageTitleTest" time="0.011"/>
  <testcase classname="com.qa.hubspot.tests.HomePageTest" name="HomePageHeaderTest" time="0.152"/>
  <testcase classname="com.qa.hubspot.tests.ContactPageTest" name="contactsPageHeaderTest" time="0.044"/>
  <testcase classname="com.qa.hubspot.tests.ContactPageTest" name="createNewContactTest" time="2.403"/>
  <testcase classname="com.qa.hubspot.tests.ContactPageTest" name="createNewContactTest" time="3.5"/>
  <testcase classname="com.qa.hubspot.tests.ContactPageTest" name="createNewContactTest" time="2.148"/>
  <testcase classname="com.qa.hubspot.tests.ContactPageTest" name="createNewContactTest" time="4.08"/>
</testsuite> <!-- CRM regression test -->
