<?xml version="1.0" encoding="UTF-8"?>
<!-- Generated by org.testng.reporters.JUnitXMLReporter -->
<testsuite ignored="0" hostname="LAPTOP-LGM3K7OE" failures="0" tests="11" name="CRM regression test" time="250.161" errors="0" timestamp="2022-12-17T22:59:44 IST">
  <testcase classname="com.qa.hubspot.tests.LoginPageTest" name="LoginPageTitleTest" time="0.117"/>
  <testcase classname="com.qa.hubspot.tests.LoginPageTest" name="SignUpLinkTest" time="0.204"/>
  <testcase classname="com.qa.hubspot.tests.LoginPageTest" name="LoginTest" time="9.5"/>
  <testcase classname="com.qa.hubspot.tests.HomePageTest" name="loggedInUserTest" time="0.304"/>
  <testcase classname="com.qa.hubspot.tests.HomePageTest" name="HomePageTitleTest" time="0.02"/>
  <testcase classname="com.qa.hubspot.tests.HomePageTest" name="HomePageHeaderTest" time="0.277"/>
  <testcase classname="com.qa.hubspot.tests.ContactPageTest" name="contactsPageHeaderTest" time="0.053"/>
  <testcase classname="com.qa.hubspot.tests.ContactPageTest" name="createNewContactTest" time="2.645"/>
  <testcase classname="com.qa.hubspot.tests.ContactPageTest" name="createNewContactTest" time="2.646"/>
  <testcase classname="com.qa.hubspot.tests.ContactPageTest" name="createNewContactTest" time="3.324"/>
  <testcase classname="com.qa.hubspot.tests.ContactPageTest" name="createNewContactTest" time="3.065"/>
</testsuite> <!-- CRM regression test -->
