<?xml version="1.0" encoding="UTF-8"?>
<testng-results ignored="0" total="11" passed="11" failed="0" skipped="0">
  <reporter-output>
  </reporter-output>
  <suite started-at="2022-12-19T19:25:25 IST" name="CRM Test Suite" finished-at="2022-12-19T19:28:00 IST" duration-ms="155054">
    <groups>
    </groups>
    <test started-at="2022-12-19T19:25:25 IST" name="CRM regression test" finished-at="2022-12-19T19:28:00 IST" duration-ms="155054">
      <class name="com.qa.hubspot.tests.LoginPageTest">
        <test-method is-config="true" signature="Setup()[pri:0, instance:com.qa.hubspot.tests.LoginPageTest@3427b02d]" started-at="2022-12-19T19:25:25 IST" name="Setup" finished-at="2022-12-19T19:25:37 IST" duration-ms="11355" status="PASS">
          <reporter-output>
          </reporter-output>
        </test-method> <!-- Setup -->
        <test-method signature="LoginPageTitleTest()[pri:1, instance:com.qa.hubspot.tests.LoginPageTest@3427b02d]" started-at="2022-12-19T19:25:37 IST" name="LoginPageTitleTest" finished-at="2022-12-19T19:25:37 IST" duration-ms="39" status="PASS">
          <reporter-output>
          </reporter-output>
        </test-method> <!-- LoginPageTitleTest -->
        <test-method is-config="true" signature="tearDown()[pri:0, instance:com.qa.hubspot.tests.LoginPageTest@3427b02d]" started-at="2022-12-19T19:25:37 IST" name="tearDown" finished-at="2022-12-19T19:25:37 IST" duration-ms="263" status="PASS">
          <reporter-output>
          </reporter-output>
        </test-method> <!-- tearDown -->
        <test-method is-config="true" signature="Setup()[pri:0, instance:com.qa.hubspot.tests.LoginPageTest@3427b02d]" started-at="2022-12-19T19:25:37 IST" name="Setup" finished-at="2022-12-19T19:25:44 IST" duration-ms="7019" status="PASS">
          <reporter-output>
          </reporter-output>
        </test-method> <!-- Setup -->
        <test-method signature="SignUpLinkTest()[pri:2, instance:com.qa.hubspot.tests.LoginPageTest@3427b02d]" started-at="2022-12-19T19:25:44 IST" name="SignUpLinkTest" finished-at="2022-12-19T19:25:44 IST" duration-ms="102" status="PASS">
          <reporter-output>
          </reporter-output>
        </test-method> <!-- SignUpLinkTest -->
        <test-method is-config="true" signature="tearDown()[pri:0, instance:com.qa.hubspot.tests.LoginPageTest@3427b02d]" started-at="2022-12-19T19:25:44 IST" name="tearDown" finished-at="2022-12-19T19:25:44 IST" duration-ms="223" status="PASS">
          <reporter-output>
          </reporter-output>
        </test-method> <!-- tearDown -->
        <test-method is-config="true" signature="Setup()[pri:0, instance:com.qa.hubspot.tests.LoginPageTest@3427b02d]" started-at="2022-12-19T19:25:44 IST" name="Setup" finished-at="2022-12-19T19:25:51 IST" duration-ms="6904" status="PASS">
          <reporter-output>
          </reporter-output>
        </test-method> <!-- Setup -->
        <test-method signature="LoginTest()[pri:3, instance:com.qa.hubspot.tests.LoginPageTest@3427b02d]" started-at="2022-12-19T19:25:51 IST" name="LoginTest" finished-at="2022-12-19T19:25:57 IST" duration-ms="5992" status="PASS">
          <reporter-output>
          </reporter-output>
        </test-method> <!-- LoginTest -->
        <test-method is-config="true" signature="tearDown()[pri:0, instance:com.qa.hubspot.tests.LoginPageTest@3427b02d]" started-at="2022-12-19T19:25:57 IST" name="tearDown" finished-at="2022-12-19T19:25:57 IST" duration-ms="177" status="PASS">
          <reporter-output>
          </reporter-output>
        </test-method> <!-- tearDown -->
      </class> <!-- com.qa.hubspot.tests.LoginPageTest -->
      <class name="com.qa.hubspot.tests.ContactPageTest">
        <test-method is-config="true" signature="Setup()[pri:0, instance:com.qa.hubspot.tests.ContactPageTest@6c80d78a]" started-at="2022-12-19T19:26:36 IST" name="Setup" finished-at="2022-12-19T19:26:50 IST" duration-ms="13811" status="PASS">
          <reporter-output>
          </reporter-output>
        </test-method> <!-- Setup -->
        <test-method signature="contactsPageHeaderTest()[pri:1, instance:com.qa.hubspot.tests.ContactPageTest@6c80d78a]" started-at="2022-12-19T19:26:50 IST" name="contactsPageHeaderTest" finished-at="2022-12-19T19:26:50 IST" duration-ms="44" status="PASS">
          <reporter-output>
          </reporter-output>
        </test-method> <!-- contactsPageHeaderTest -->
        <test-method is-config="true" signature="tearDown()[pri:0, instance:com.qa.hubspot.tests.ContactPageTest@6c80d78a]" started-at="2022-12-19T19:26:50 IST" name="tearDown" finished-at="2022-12-19T19:26:50 IST" duration-ms="251" status="PASS">
          <reporter-output>
          </reporter-output>
        </test-method> <!-- tearDown -->
        <test-method is-config="true" signature="Setup()[pri:0, instance:com.qa.hubspot.tests.ContactPageTest@6c80d78a]" started-at="2022-12-19T19:26:52 IST" name="Setup" finished-at="2022-12-19T19:27:05 IST" duration-ms="13690" status="PASS">
          <reporter-output>
          </reporter-output>
        </test-method> <!-- Setup -->
        <test-method signature="createNewContactTest(java.lang.String,java.lang.String,java.lang.String,java.lang.String,java.lang.String)[pri:2, instance:com.qa.hubspot.tests.ContactPageTest@6c80d78a]" started-at="2022-12-19T19:27:05 IST" name="createNewContactTest" data-provider="getContactsData" finished-at="2022-12-19T19:27:08 IST" duration-ms="2403" status="PASS">
          <params>
            <param index="0">
              <value>
                <![CDATA[pooja]]>
              </value>
            </param>
            <param index="1">
              <value>
                <![CDATA[D]]>
              </value>
            </param>
            <param index="2">
              <value>
                <![CDATA[9.887456712E9]]>
              </value>
            </param>
            <param index="3">
              <value>
                <![CDATA[Active]]>
              </value>
            </param>
            <param index="4">
              <value>
                <![CDATA[test@gmail.com]]>
              </value>
            </param>
          </params>
          <reporter-output>
          </reporter-output>
        </test-method> <!-- createNewContactTest -->
        <test-method is-config="true" signature="tearDown()[pri:0, instance:com.qa.hubspot.tests.ContactPageTest@6c80d78a]" started-at="2022-12-19T19:27:08 IST" name="tearDown" finished-at="2022-12-19T19:27:08 IST" duration-ms="260" status="PASS">
          <reporter-output>
          </reporter-output>
        </test-method> <!-- tearDown -->
        <test-method is-config="true" signature="Setup()[pri:0, instance:com.qa.hubspot.tests.ContactPageTest@6c80d78a]" started-at="2022-12-19T19:27:08 IST" name="Setup" finished-at="2022-12-19T19:27:22 IST" duration-ms="14332" status="PASS">
          <reporter-output>
          </reporter-output>
        </test-method> <!-- Setup -->
        <test-method signature="createNewContactTest(java.lang.String,java.lang.String,java.lang.String,java.lang.String,java.lang.String)[pri:2, instance:com.qa.hubspot.tests.ContactPageTest@6c80d78a]" started-at="2022-12-19T19:27:22 IST" name="createNewContactTest" data-provider="getContactsData" finished-at="2022-12-19T19:27:26 IST" duration-ms="3500" status="PASS">
          <params>
            <param index="0">
              <value>
                <![CDATA[Mohit ]]>
              </value>
            </param>
            <param index="1">
              <value>
                <![CDATA[P]]>
              </value>
            </param>
            <param index="2">
              <value>
                <![CDATA[9.012354678E9]]>
              </value>
            </param>
            <param index="3">
              <value>
                <![CDATA[Active]]>
              </value>
            </param>
            <param index="4">
              <value>
                <![CDATA[test1@gmail.com]]>
              </value>
            </param>
          </params>
          <reporter-output>
          </reporter-output>
        </test-method> <!-- createNewContactTest -->
        <test-method is-config="true" signature="tearDown()[pri:0, instance:com.qa.hubspot.tests.ContactPageTest@6c80d78a]" started-at="2022-12-19T19:27:26 IST" name="tearDown" finished-at="2022-12-19T19:27:26 IST" duration-ms="266" status="PASS">
          <reporter-output>
          </reporter-output>
        </test-method> <!-- tearDown -->
        <test-method is-config="true" signature="Setup()[pri:0, instance:com.qa.hubspot.tests.ContactPageTest@6c80d78a]" started-at="2022-12-19T19:27:26 IST" name="Setup" finished-at="2022-12-19T19:27:40 IST" duration-ms="14034" status="PASS">
          <reporter-output>
          </reporter-output>
        </test-method> <!-- Setup -->
        <test-method signature="createNewContactTest(java.lang.String,java.lang.String,java.lang.String,java.lang.String,java.lang.String)[pri:2, instance:com.qa.hubspot.tests.ContactPageTest@6c80d78a]" started-at="2022-12-19T19:27:40 IST" name="createNewContactTest" data-provider="getContactsData" finished-at="2022-12-19T19:27:42 IST" duration-ms="2148" status="PASS">
          <params>
            <param index="0">
              <value>
                <![CDATA[Akshay]]>
              </value>
            </param>
            <param index="1">
              <value>
                <![CDATA[D]]>
              </value>
            </param>
            <param index="2">
              <value>
                <![CDATA[8.874561234E9]]>
              </value>
            </param>
            <param index="3">
              <value>
                <![CDATA[Active]]>
              </value>
            </param>
            <param index="4">
              <value>
                <![CDATA[test2@gmail.com]]>
              </value>
            </param>
          </params>
          <reporter-output>
          </reporter-output>
        </test-method> <!-- createNewContactTest -->
        <test-method is-config="true" signature="tearDown()[pri:0, instance:com.qa.hubspot.tests.ContactPageTest@6c80d78a]" started-at="2022-12-19T19:27:42 IST" name="tearDown" finished-at="2022-12-19T19:27:42 IST" duration-ms="206" status="PASS">
          <reporter-output>
          </reporter-output>
        </test-method> <!-- tearDown -->
        <test-method is-config="true" signature="Setup()[pri:0, instance:com.qa.hubspot.tests.ContactPageTest@6c80d78a]" started-at="2022-12-19T19:27:42 IST" name="Setup" finished-at="2022-12-19T19:27:56 IST" duration-ms="13594" status="PASS">
          <reporter-output>
          </reporter-output>
        </test-method> <!-- Setup -->
        <test-method signature="createNewContactTest(java.lang.String,java.lang.String,java.lang.String,java.lang.String,java.lang.String)[pri:2, instance:com.qa.hubspot.tests.ContactPageTest@6c80d78a]" started-at="2022-12-19T19:27:56 IST" name="createNewContactTest" data-provider="getContactsData" finished-at="2022-12-19T19:28:00 IST" duration-ms="4080" status="PASS">
          <params>
            <param index="0">
              <value>
                <![CDATA[Jayant]]>
              </value>
            </param>
            <param index="1">
              <value>
                <![CDATA[D]]>
              </value>
            </param>
            <param index="2">
              <value>
                <![CDATA[8.012345675E9]]>
              </value>
            </param>
            <param index="3">
              <value>
                <![CDATA[Active]]>
              </value>
            </param>
            <param index="4">
              <value>
                <![CDATA[test3@gmail.com]]>
              </value>
            </param>
          </params>
          <reporter-output>
          </reporter-output>
        </test-method> <!-- createNewContactTest -->
        <test-method is-config="true" signature="tearDown()[pri:0, instance:com.qa.hubspot.tests.ContactPageTest@6c80d78a]" started-at="2022-12-19T19:28:00 IST" name="tearDown" finished-at="2022-12-19T19:28:00 IST" duration-ms="234" status="PASS">
          <reporter-output>
          </reporter-output>
        </test-method> <!-- tearDown -->
      </class> <!-- com.qa.hubspot.tests.ContactPageTest -->
      <class name="com.qa.hubspot.tests.HomePageTest">
        <test-method is-config="true" signature="Setup()[pri:0, instance:com.qa.hubspot.tests.HomePageTest@52e6fdee]" started-at="2022-12-19T19:25:57 IST" name="Setup" finished-at="2022-12-19T19:26:10 IST" duration-ms="12230" status="PASS">
          <reporter-output>
          </reporter-output>
        </test-method> <!-- Setup -->
        <test-method signature="loggedInUserTest()[pri:0, instance:com.qa.hubspot.tests.HomePageTest@52e6fdee]" started-at="2022-12-19T19:26:10 IST" name="loggedInUserTest" finished-at="2022-12-19T19:26:10 IST" duration-ms="162" status="PASS">
          <reporter-output>
          </reporter-output>
        </test-method> <!-- loggedInUserTest -->
        <test-method is-config="true" signature="tearDown()[pri:0, instance:com.qa.hubspot.tests.HomePageTest@52e6fdee]" started-at="2022-12-19T19:26:10 IST" name="tearDown" finished-at="2022-12-19T19:26:10 IST" duration-ms="184" status="PASS">
          <reporter-output>
          </reporter-output>
        </test-method> <!-- tearDown -->
        <test-method is-config="true" signature="Setup()[pri:0, instance:com.qa.hubspot.tests.HomePageTest@52e6fdee]" started-at="2022-12-19T19:26:10 IST" name="Setup" finished-at="2022-12-19T19:26:24 IST" duration-ms="14278" status="PASS">
          <reporter-output>
          </reporter-output>
        </test-method> <!-- Setup -->
        <test-method signature="HomePageTitleTest()[pri:1, instance:com.qa.hubspot.tests.HomePageTest@52e6fdee]" started-at="2022-12-19T19:26:24 IST" name="HomePageTitleTest" finished-at="2022-12-19T19:26:24 IST" duration-ms="11" status="PASS">
          <reporter-output>
          </reporter-output>
        </test-method> <!-- HomePageTitleTest -->
        <test-method is-config="true" signature="tearDown()[pri:0, instance:com.qa.hubspot.tests.HomePageTest@52e6fdee]" started-at="2022-12-19T19:26:24 IST" name="tearDown" finished-at="2022-12-19T19:26:24 IST" duration-ms="184" status="PASS">
          <reporter-output>
          </reporter-output>
        </test-method> <!-- tearDown -->
        <test-method is-config="true" signature="Setup()[pri:0, instance:com.qa.hubspot.tests.HomePageTest@52e6fdee]" started-at="2022-12-19T19:26:24 IST" name="Setup" finished-at="2022-12-19T19:26:36 IST" duration-ms="11561" status="PASS">
          <reporter-output>
          </reporter-output>
        </test-method> <!-- Setup -->
        <test-method signature="HomePageHeaderTest()[pri:2, instance:com.qa.hubspot.tests.HomePageTest@52e6fdee]" started-at="2022-12-19T19:26:36 IST" name="HomePageHeaderTest" finished-at="2022-12-19T19:26:36 IST" duration-ms="152" status="PASS">
          <reporter-output>
          </reporter-output>
        </test-method> <!-- HomePageHeaderTest -->
        <test-method is-config="true" signature="tearDown()[pri:0, instance:com.qa.hubspot.tests.HomePageTest@52e6fdee]" started-at="2022-12-19T19:26:36 IST" name="tearDown" finished-at="2022-12-19T19:26:36 IST" duration-ms="201" status="PASS">
          <reporter-output>
          </reporter-output>
        </test-method> <!-- tearDown -->
      </class> <!-- com.qa.hubspot.tests.HomePageTest -->
    </test> <!-- CRM regression test -->
  </suite> <!-- CRM Test Suite -->
</testng-results>
