<?xml version="1.0" encoding="UTF-8"?>
<testng-results ignored="0" total="3" passed="3" failed="0" skipped="0">
  <reporter-output>
  </reporter-output>
  <suite started-at="2023-02-01T12:41:50 IST" name="Default suite" finished-at="2023-02-01T12:42:00 IST" duration-ms="9695">
    <groups>
    </groups>
    <test started-at="2023-02-01T12:41:50 IST" name="Default test" finished-at="2023-02-01T12:42:00 IST" duration-ms="9695">
      <class name="com.qa.hubspot.tests.HomePageTest">
        <test-method is-config="true" signature="Setup()[pri:0, instance:com.qa.hubspot.tests.HomePageTest@294425a7]" started-at="2023-02-01T12:41:50 IST" name="Setup" finished-at="2023-02-01T12:41:54 IST" duration-ms="3371" status="PASS">
          <reporter-output>
          </reporter-output>
        </test-method> <!-- Setup -->
        <test-method signature="loggedInUserTest()[pri:0, instance:com.qa.hubspot.tests.HomePageTest@294425a7]" started-at="2023-02-01T12:41:54 IST" name="loggedInUserTest" finished-at="2023-02-01T12:41:54 IST" duration-ms="461" status="PASS">
          <reporter-output>
          </reporter-output>
        </test-method> <!-- loggedInUserTest -->
        <test-method is-config="true" signature="tearDown()[pri:0, instance:com.qa.hubspot.tests.HomePageTest@294425a7]" started-at="2023-02-01T12:41:54 IST" name="tearDown" finished-at="2023-02-01T12:41:54 IST" duration-ms="332" status="PASS">
          <reporter-output>
          </reporter-output>
        </test-method> <!-- tearDown -->
        <test-method is-config="true" signature="Setup()[pri:0, instance:com.qa.hubspot.tests.HomePageTest@294425a7]" started-at="2023-02-01T12:41:54 IST" name="Setup" finished-at="2023-02-01T12:41:57 IST" duration-ms="2168" status="PASS">
          <reporter-output>
          </reporter-output>
        </test-method> <!-- Setup -->
        <test-method signature="HomePageTitleTest()[pri:1, instance:com.qa.hubspot.tests.HomePageTest@294425a7]" started-at="2023-02-01T12:41:57 IST" name="HomePageTitleTest" finished-at="2023-02-01T12:41:57 IST" duration-ms="14" status="PASS">
          <reporter-output>
          </reporter-output>
        </test-method> <!-- HomePageTitleTest -->
        <test-method is-config="true" signature="tearDown()[pri:0, instance:com.qa.hubspot.tests.HomePageTest@294425a7]" started-at="2023-02-01T12:41:57 IST" name="tearDown" finished-at="2023-02-01T12:41:57 IST" duration-ms="336" status="PASS">
          <reporter-output>
          </reporter-output>
        </test-method> <!-- tearDown -->
        <test-method is-config="true" signature="Setup()[pri:0, instance:com.qa.hubspot.tests.HomePageTest@294425a7]" started-at="2023-02-01T12:41:57 IST" name="Setup" finished-at="2023-02-01T12:41:59 IST" duration-ms="2114" status="PASS">
          <reporter-output>
          </reporter-output>
        </test-method> <!-- Setup -->
        <test-method signature="HomePageHeaderTest()[pri:2, instance:com.qa.hubspot.tests.HomePageTest@294425a7]" started-at="2023-02-01T12:41:59 IST" name="HomePageHeaderTest" finished-at="2023-02-01T12:42:00 IST" duration-ms="600" status="PASS">
          <reporter-output>
          </reporter-output>
        </test-method> <!-- HomePageHeaderTest -->
        <test-method is-config="true" signature="tearDown()[pri:0, instance:com.qa.hubspot.tests.HomePageTest@294425a7]" started-at="2023-02-01T12:42:00 IST" name="tearDown" finished-at="2023-02-01T12:42:00 IST" duration-ms="265" status="PASS">
          <reporter-output>
          </reporter-output>
        </test-method> <!-- tearDown -->
      </class> <!-- com.qa.hubspot.tests.HomePageTest -->
    </test> <!-- Default test -->
  </suite> <!-- Default suite -->
</testng-results>
